# JRE version: OpenJDK Runtime Environment Zulu13.48+19-CA (13.0.11+4) (build 13.0.11+4-MTS)
# Java VM: OpenJDK 64-Bit Server VM Zulu13.48+19-CA (13.0.11+4-MTS, mixed mode, tiered, compressed oops, g1 gc, bsd-aarch64)
Heap:
 garbage-first heap   total 50176K, used 16895K [0x0000000740000000, 0x00000007c0000000)
  region size 1024K, 4 young (4096K), 3 survivors (3072K)
 Metaspace       used 44511K, capacity 45761K, committed 46080K, reserved 1089536K
  class space    used 5263K, capacity 5766K, committed 5888K, reserved 1048576K
GC Heap History (20 events):
Event: 0.310 GC heap before
{Heap before GC invocations=0 (full 0):
 garbage-first heap   total 131072K, used 23552K [0x0000000740000000, 0x00000007c0000000)
  region size 1024K, 24 young (24576K), 0 survivors (0K)
 Metaspace       used 10441K, capacity 10669K, committed 10880K, reserved 1058816K
  class space    used 1037K, capacity 1104K, committed 1152K, reserved 1048576K
}
Event: 0.312 GC heap after
{Heap after GC invocations=1 (full 0):
 garbage-first heap   total 131072K, used 3966K [0x0000000740000000, 0x00000007c0000000)
  region size 1024K, 3 young (3072K), 3 survivors (3072K)
 Metaspace       used 10441K, capacity 10669K, committed 10880K, reserved 1058816K
  class space    used 1037K, capacity 1104K, committed 1152K, reserved 1048576K
}
Event: 0.537 GC heap before
{Heap before GC invocations=1 (full 0):
 garbage-first heap   total 131072K, used 55166K [0x0000000740000000, 0x00000007c0000000)
  region size 1024K, 54 young (55296K), 3 survivors (3072K)
 Metaspace       used 20746K, capacity 21164K, committed 21248K, reserved 1069056K
  class space    used 2291K, capacity 2490K, committed 2560K, reserved 1048576K
}
Event: 0.541 GC heap after
{Heap after GC invocations=2 (full 0):
 garbage-first heap   total 131072K, used 6168K [0x0000000740000000, 0x00000007c0000000)
  region size 1024K, 6 young (6144K), 6 survivors (6144K)
 Metaspace       used 20746K, capacity 21164K, committed 21248K, reserved 1069056K
  class space    used 2291K, capacity 2490K, committed 2560K, reserved 1048576K
}
Event: 0.631 GC heap before
{Heap before GC invocations=3 (full 0):
 garbage-first heap   total 27648K, used 25624K [0x0000000740000000, 0x00000007c0000000)
  region size 1024K, 25 young (25600K), 6 survivors (6144K)
 Metaspace       used 23103K, capacity 23683K, committed 23936K, reserved 1071104K
  class space    used 2587K, capacity 2821K, committed 2944K, reserved 1048576K
}
Event: 0.635 GC heap after
{Heap after GC invocations=4 (full 0):
 garbage-first heap   total 33792K, used 7554K [0x0000000740000000, 0x00000007c0000000)
  region size 1024K, 2 young (2048K), 2 survivors (2048K)
 Metaspace       used 23103K, capacity 23683K, committed 23936K, reserved 1071104K
  class space    used 2587K, capacity 2821K, committed 2944K, reserved 1048576K
}
Event: 0.718 GC heap before
{Heap before GC invocations=4 (full 0):
 garbage-first heap   total 33792K, used 24962K [0x0000000740000000, 0x00000007c0000000)
  region size 1024K, 19 young (19456K), 2 survivors (2048K)
 Metaspace       used 24112K, capacity 24729K, committed 25088K, reserved 1071104K
  class space    used 2695K, capacity 2950K, committed 3072K, reserved 1048576K
}
Event: 0.720 GC heap after
{Heap after GC invocations=5 (full 0):
 garbage-first heap   total 33792K, used 7287K [0x0000000740000000, 0x00000007c0000000)
  region size 1024K, 2 young (2048K), 2 survivors (2048K)
 Metaspace       used 24112K, capacity 24729K, committed 25088K, reserved 1071104K
  class space    used 2695K, capacity 2950K, committed 3072K, reserved 1048576K
}
Event: 0.815 GC heap before
{Heap before GC invocations=5 (full 0):
 garbage-first heap   total 33792K, used 24695K [0x0000000740000000, 0x00000007c0000000)
  region size 1024K, 19 young (19456K), 2 survivors (2048K)
 Metaspace       used 26296K, capacity 26923K, committed 27136K, reserved 1073152K
  class space    used 2968K, capacity 3204K, committed 3328K, reserved 1048576K
}
Event: 0.817 GC heap after
{Heap after GC invocations=6 (full 0):
 garbage-first heap   total 40960K, used 8013K [0x0000000740000000, 0x00000007c0000000)
  region size 1024K, 2 young (2048K), 2 survivors (2048K)
 Metaspace       used 26296K, capacity 26923K, committed 27136K, reserved 1073152K
  class space    used 2968K, capacity 3204K, committed 3328K, reserved 1048576K
}
Event: 0.955 GC heap before
{Heap before GC invocations=6 (full 0):
 garbage-first heap   total 40960K, used 30541K [0x0000000740000000, 0x00000007c0000000)
  region size 1024K, 24 young (24576K), 2 survivors (2048K)
 Metaspace       used 30393K, capacity 31294K, committed 31488K, reserved 1077248K
  class space    used 3486K, capacity 3832K, committed 3840K, reserved 1048576K
}
Event: 0.959 GC heap after
{Heap after GC invocations=7 (full 0):
 garbage-first heap   total 40960K, used 9743K [0x0000000740000000, 0x00000007c0000000)
  region size 1024K, 3 young (3072K), 3 survivors (3072K)
 Metaspace       used 30393K, capacity 31294K, committed 31488K, reserved 1077248K
  class space    used 3486K, capacity 3832K, committed 3840K, reserved 1048576K
}
Event: 1.149 GC heap before
{Heap before GC invocations=7 (full 0):
 garbage-first heap   total 40960K, used 31247K [0x0000000740000000, 0x00000007c0000000)
  region size 1024K, 24 young (24576K), 3 survivors (3072K)
 Metaspace       used 32941K, capacity 33931K, committed 34176K, reserved 1079296K
  class space    used 3803K, capacity 4199K, committed 4224K, reserved 1048576K
}
Event: 1.153 GC heap after
{Heap after GC invocations=8 (full 0):
 garbage-first heap   total 40960K, used 11650K [0x0000000740000000, 0x00000007c0000000)
  region size 1024K, 2 young (2048K), 2 survivors (2048K)
 Metaspace       used 32941K, capacity 33931K, committed 34176K, reserved 1079296K
  class space    used 3803K, capacity 4199K, committed 4224K, reserved 1048576K
}
Event: 1.356 GC heap before
{Heap before GC invocations=8 (full 0):
 garbage-first heap   total 40960K, used 24962K [0x0000000740000000, 0x00000007c0000000)
  region size 1024K, 16 young (16384K), 2 survivors (2048K)
 Metaspace       used 34717K, capacity 35770K, committed 35840K, reserved 1081344K
  class space    used 4037K, capacity 4471K, committed 4480K, reserved 1048576K
}
Event: 1.361 GC heap after
{Heap after GC invocations=9 (full 0):
 garbage-first heap   total 40960K, used 12882K [0x0000000740000000, 0x00000007c0000000)
  region size 1024K, 2 young (2048K), 2 survivors (2048K)
 Metaspace       used 34717K, capacity 35770K, committed 35840K, reserved 1081344K
  class space    used 4037K, capacity 4471K, committed 4480K, reserved 1048576K
}
Event: 6.506 GC heap before
{Heap before GC invocations=10 (full 0):
 garbage-first heap   total 40960K, used 29266K [0x0000000740000000, 0x00000007c0000000)
  region size 1024K, 18 young (18432K), 2 survivors (2048K)
 Metaspace       used 37790K, capacity 39008K, committed 39296K, reserved 1083392K
  class space    used 4418K, capacity 4911K, committed 4992K, reserved 1048576K
}
Event: 6.510 GC heap after
{Heap after GC invocations=11 (full 0):
 garbage-first heap   total 50176K, used 13544K [0x0000000740000000, 0x00000007c0000000)
  region size 1024K, 2 young (2048K), 2 survivors (2048K)
 Metaspace       used 37790K, capacity 39008K, committed 39296K, reserved 1083392K
  class space    used 4418K, capacity 4911K, committed 4992K, reserved 1048576K
}
Event: 7.177 GC heap before
{Heap before GC invocations=11 (full 0):
 garbage-first heap   total 50176K, used 35048K [0x0000000740000000, 0x00000007c0000000)
  region size 1024K, 23 young (23552K), 2 survivors (2048K)
 Metaspace       used 44398K, capacity 45592K, committed 45696K, reserved 1089536K
  class space    used 5247K, capacity 5731K, committed 5760K, reserved 1048576K
}
Event: 7.181 GC heap after
{Heap after GC invocations=12 (full 0):
 garbage-first heap   total 50176K, used 16895K [0x0000000740000000, 0x00000007c0000000)
  region size 1024K, 3 young (3072K), 3 survivors (3072K)
 Metaspace       used 44398K, capacity 45592K, committed 45696K, reserved 1089536K
  class space    used 5247K, capacity 5731K, committed 5760K, reserved 1048576K
}

