# JRE version: OpenJDK Runtime Environment Zulu13.48+19-CA (13.0.11+4) (build 13.0.11+4-MTS)
# Java VM: OpenJDK 64-Bit Server VM Zulu13.48+19-CA (13.0.11+4-MTS, mixed mode, tiered, compressed oops, g1 gc, bsd-aarch64)
Heap:
 garbage-first heap   total 40960K, used 14115K [0x0000000740000000, 0x00000007c0000000)
  region size 1024K, 3 young (3072K), 2 survivors (2048K)
 Metaspace       used 37267K, capacity 38469K, committed 38720K, reserved 1083392K
  class space    used 4348K, capacity 4812K, committed 4928K, reserved 1048576K
GC Heap History (20 events):
Event: 0.346 GC heap before
{Heap before GC invocations=0 (full 0):
 garbage-first heap   total 131072K, used 23552K [0x0000000740000000, 0x00000007c0000000)
  region size 1024K, 24 young (24576K), 0 survivors (0K)
 Metaspace       used 10435K, capacity 10617K, committed 10880K, reserved 1058816K
  class space    used 1037K, capacity 1104K, committed 1152K, reserved 1048576K
}
Event: 0.348 GC heap after
{Heap after GC invocations=1 (full 0):
 garbage-first heap   total 131072K, used 3735K [0x0000000740000000, 0x00000007c0000000)
  region size 1024K, 3 young (3072K), 3 survivors (3072K)
 Metaspace       used 10435K, capacity 10617K, committed 10880K, reserved 1058816K
  class space    used 1037K, capacity 1104K, committed 1152K, reserved 1048576K
}
Event: 0.564 GC heap before
{Heap before GC invocations=1 (full 0):
 garbage-first heap   total 131072K, used 54935K [0x0000000740000000, 0x00000007c0000000)
  region size 1024K, 54 young (55296K), 3 survivors (3072K)
 Metaspace       used 20680K, capacity 21182K, committed 21504K, reserved 1069056K
  class space    used 2278K, capacity 2492K, committed 2560K, reserved 1048576K
}
Event: 0.567 GC heap after
{Heap after GC invocations=2 (full 0):
 garbage-first heap   total 131072K, used 6077K [0x0000000740000000, 0x00000007c0000000)
  region size 1024K, 6 young (6144K), 6 survivors (6144K)
 Metaspace       used 20680K, capacity 21182K, committed 21504K, reserved 1069056K
  class space    used 2278K, capacity 2492K, committed 2560K, reserved 1048576K
}
Event: 0.653 GC heap before
{Heap before GC invocations=3 (full 0):
 garbage-first heap   total 27648K, used 24509K [0x0000000740000000, 0x00000007c0000000)
  region size 1024K, 24 young (24576K), 6 survivors (6144K)
 Metaspace       used 23011K, capacity 23541K, committed 23552K, reserved 1071104K
  class space    used 2576K, capacity 2811K, committed 2816K, reserved 1048576K
}
Event: 0.659 GC heap after
{Heap after GC invocations=4 (full 0):
 garbage-first heap   total 33792K, used 7298K [0x0000000740000000, 0x00000007c0000000)
  region size 1024K, 2 young (2048K), 2 survivors (2048K)
 Metaspace       used 23011K, capacity 23541K, committed 23552K, reserved 1071104K
  class space    used 2576K, capacity 2811K, committed 2816K, reserved 1048576K
}
Event: 0.744 GC heap before
{Heap before GC invocations=4 (full 0):
 garbage-first heap   total 33792K, used 24706K [0x0000000740000000, 0x00000007c0000000)
  region size 1024K, 19 young (19456K), 2 survivors (2048K)
 Metaspace       used 24053K, capacity 24676K, committed 24832K, reserved 1071104K
  class space    used 2689K, capacity 2949K, committed 3072K, reserved 1048576K
}
Event: 0.746 GC heap after
{Heap after GC invocations=5 (full 0):
 garbage-first heap   total 33792K, used 7203K [0x0000000740000000, 0x00000007c0000000)
  region size 1024K, 2 young (2048K), 2 survivors (2048K)
 Metaspace       used 24053K, capacity 24676K, committed 24832K, reserved 1071104K
  class space    used 2689K, capacity 2949K, committed 3072K, reserved 1048576K
}
Event: 0.856 GC heap before
{Heap before GC invocations=5 (full 0):
 garbage-first heap   total 33792K, used 24611K [0x0000000740000000, 0x00000007c0000000)
  region size 1024K, 19 young (19456K), 2 survivors (2048K)
 Metaspace       used 26203K, capacity 26800K, committed 27136K, reserved 1073152K
  class space    used 2955K, capacity 3201K, committed 3328K, reserved 1048576K
}
Event: 0.857 GC heap after
{Heap after GC invocations=6 (full 0):
 garbage-first heap   total 33792K, used 7780K [0x0000000740000000, 0x00000007c0000000)
  region size 1024K, 2 young (2048K), 2 survivors (2048K)
 Metaspace       used 26203K, capacity 26800K, committed 27136K, reserved 1073152K
  class space    used 2955K, capacity 3201K, committed 3328K, reserved 1048576K
}
Event: 0.988 GC heap before
{Heap before GC invocations=6 (full 0):
 garbage-first heap   total 33792K, used 25188K [0x0000000740000000, 0x00000007c0000000)
  region size 1024K, 19 young (19456K), 2 survivors (2048K)
 Metaspace       used 29163K, capacity 30007K, committed 30208K, reserved 1075200K
  class space    used 3367K, capacity 3717K, committed 3840K, reserved 1048576K
}
Event: 0.991 GC heap after
{Heap after GC invocations=7 (full 0):
 garbage-first heap   total 33792K, used 9120K [0x0000000740000000, 0x00000007c0000000)
  region size 1024K, 3 young (3072K), 3 survivors (3072K)
 Metaspace       used 29163K, capacity 30007K, committed 30208K, reserved 1075200K
  class space    used 3367K, capacity 3717K, committed 3840K, reserved 1048576K
}
Event: 1.100 GC heap before
{Heap before GC invocations=7 (full 0):
 garbage-first heap   total 33792K, used 25504K [0x0000000740000000, 0x00000007c0000000)
  region size 1024K, 19 young (19456K), 3 survivors (3072K)
 Metaspace       used 31690K, capacity 32603K, committed 32768K, reserved 1077248K
  class space    used 3631K, capacity 3987K, committed 4096K, reserved 1048576K
}
Event: 1.104 GC heap after
{Heap after GC invocations=8 (full 0):
 garbage-first heap   total 40960K, used 10687K [0x0000000740000000, 0x00000007c0000000)
  region size 1024K, 3 young (3072K), 3 survivors (3072K)
 Metaspace       used 31690K, capacity 32603K, committed 32768K, reserved 1077248K
  class space    used 3631K, capacity 3987K, committed 4096K, reserved 1048576K
}
Event: 1.318 GC heap before
{Heap before GC invocations=8 (full 0):
 garbage-first heap   total 40960K, used 28095K [0x0000000740000000, 0x00000007c0000000)
  region size 1024K, 21 young (21504K), 3 survivors (3072K)
 Metaspace       used 33665K, capacity 34730K, committed 34816K, reserved 1079296K
  class space    used 3907K, capacity 4311K, committed 4352K, reserved 1048576K
}
Event: 1.320 GC heap after
{Heap after GC invocations=9 (full 0):
 garbage-first heap   total 40960K, used 12663K [0x0000000740000000, 0x00000007c0000000)
  region size 1024K, 3 young (3072K), 3 survivors (3072K)
 Metaspace       used 33665K, capacity 34730K, committed 34816K, reserved 1079296K
  class space    used 3907K, capacity 4311K, committed 4352K, reserved 1048576K
}
Event: 1.388 GC heap before
{Heap before GC invocations=9 (full 0):
 garbage-first heap   total 40960K, used 19831K [0x0000000740000000, 0x00000007c0000000)
  region size 1024K, 11 young (11264K), 3 survivors (3072K)
 Metaspace       used 34735K, capacity 35780K, committed 35840K, reserved 1081344K
  class space    used 4041K, capacity 4469K, committed 4480K, reserved 1048576K
}
Event: 1.391 GC heap after
{Heap after GC invocations=10 (full 0):
 garbage-first heap   total 40960K, used 13742K [0x0000000740000000, 0x00000007c0000000)
  region size 1024K, 1 young (1024K), 1 survivors (1024K)
 Metaspace       used 34735K, capacity 35780K, committed 35840K, reserved 1081344K
  class space    used 4041K, capacity 4469K, committed 4480K, reserved 1048576K
}
Event: 103.687 GC heap before
{Heap before GC invocations=11 (full 0):
 garbage-first heap   total 40960K, used 27054K [0x0000000740000000, 0x00000007c0000000)
  region size 1024K, 14 young (14336K), 1 survivors (1024K)
 Metaspace       used 37072K, capacity 38240K, committed 38336K, reserved 1083392K
  class space    used 4322K, capacity 4778K, committed 4800K, reserved 1048576K
}
Event: 103.700 GC heap after
{Heap after GC invocations=12 (full 0):
 garbage-first heap   total 40960K, used 14115K [0x0000000740000000, 0x00000007c0000000)
  region size 1024K, 2 young (2048K), 2 survivors (2048K)
 Metaspace       used 37072K, capacity 38240K, committed 38336K, reserved 1083392K
  class space    used 4322K, capacity 4778K, committed 4800K, reserved 1048576K
}

